{"numFailedTestSuites":0,"numFailedTests":0,"numPassedTestSuites":1,"numPassedTests":6,"numPendingTestSuites":0,"numPendingTests":0,"numRuntimeErrorTestSuites":0,"numTodoTests":0,"numTotalTestSuites":1,"numTotalTests":6,"openHandles":[],"snapshot":{"added":0,"didUpdate":false,"failure":false,"filesAdded":0,"filesRemoved":0,"filesRemovedList":[],"filesUnmatched":0,"filesUpdated":0,"matched":0,"total":0,"unchecked":0,"uncheckedKeysByFile":[],"unmatched":0,"updated":0},"startTime":1577388320955,"success":true,"testResults":[{"assertionResults":[{"ancestorTitles":["bds-icon"],"failureMessages":[],"fullName":"bds-icon builds","location":null,"status":"passed","title":"builds"},{"ancestorTitles":["bds-icon"],"failureMessages":[],"fullName":"bds-icon should render with default theme","location":null,"status":"passed","title":"should render with default theme"},{"ancestorTitles":["bds-icon"],"failureMessages":[],"fullName":"bds-icon should render with default sizes","location":null,"status":"passed","title":"should render with default sizes"},{"ancestorTitles":["bds-icon","Utils","Method: getSvgPath"],"failureMessages":[],"fullName":"bds-icon Utils Method: getSvgPath should return correct path","location":null,"status":"passed","title":"should return correct path"},{"ancestorTitles":["bds-icon","Utils","Method: getSvgPath"],"failureMessages":[],"fullName":"bds-icon Utils Method: getSvgPath should return empty without name parameter","location":null,"status":"passed","title":"should return empty without name parameter"},{"ancestorTitles":["bds-icon","Utils","Method: getSvgPath"],"failureMessages":[],"fullName":"bds-icon Utils Method: getSvgPath should return empty without theme parameter","location":null,"status":"passed","title":"should return empty without theme parameter"}],"endTime":1577388323795,"message":"","name":"D:\\Users\\jonathanc\\Projects\\TakeGithub\\blip-ds\\src\\components\\icon\\icon.spec.ts","startTime":1577388322158,"status":"passed","summary":""}],"wasInterrupted":false}